<?xml version="1.0" encoding="UTF-8" ?>
<!DOCTYPE mapper
  PUBLIC "-//mybatis.org//DTD Mapper 3.0//EN"
  "http://mybatis.org/dtd/mybatis-3-mapper.dtd">
<mapper namespace="co.song.test.serviceImpl.TestServiceImpl">
  <select id="testSelectList" resultType="co.song.data.vo.TestVO">
    select * from Test
  </select>
  <select id="testSelectList" resultType="co.song.data.vo.TestVO">
  select * from Test where id = #{id}
  </select>
</mapper>